[34m[INFO](B[m Package aylurs-gtk-shell not installed, skipping.
[34m[INFO](B[m Package dunst not installed, skipping.
[33m[NOTE](B[m removing mako ...
Package Arch   Version       Repository      Size
Removing:
 mako   x86_64 1.10.0-1.fc42 <unknown>  145.3 KiB

Transaction Summary:
 Removing:           1 package

After this operation, 145 KiB will be freed (install 0 B, remove 145 KiB).
Running transaction
[1/2] Prepare transaction               100% |   0.0   B/s |   1.0   B |  00m02s
[2/2] Removing mako-0:1.10.0-1.fc42.x86 100% |  10.0   B/s |  22.0   B |  00m02s
Complete!
Package Arch   Version       Repository      Size
Removing:
 mako   x86_64 1.10.0-1.fc42 <unknown>  145.3 KiB

Transaction Summary:
 Removing:           1 package

After this operation, 145 KiB will be freed (install 0 B, remove 145 KiB).
Running transaction
[1/2] Prepare transaction               100% |   0.0   B/s |   1.0   B |  00m02s
[2/2] Removing mako-0:1.10.0-1.fc42.x86 100% |  10.0   B/s |  22.0   B |  00m02s
Complete!
[1A[K[32m[OK](B[m mako removed.
[34m[INFO](B[m Package rofi not installed, skipping.
Updating and loading repositories:
Repositories loaded.
Package              Arch   Version      Repository                                             Size
Installing:
 hyprpolkitagent     x86_64 0.1.2-2.fc42 copr:copr.fedorainfracloud.org:solopasha:hyprland 194.0 KiB
Installing dependencies:
 hyprland-qt-support x86_64 0.1.0-5.fc42 copr:copr.fedorainfracloud.org:solopasha:hyprland 413.0 KiB

Transaction Summary:
 Installing:         2 packages

Total size of inbound packages is 186 KiB. Need to download 186 KiB.
After this operation, 607 KiB extra will be used (install 607 KiB, remove 0 B).
[1/2] hyprland-qt-support-0:0.1.0-5.fc4 100% | 173.0 KiB/s |  99.1 KiB |  00m01s
[2/2] hyprpolkitagent-0:0.1.2-2.fc42.x8 100% | 143.7 KiB/s |  87.2 KiB |  00m01s
--------------------------------------------------------------------------------
[2/2] Total                             100% | 307.0 KiB/s | 186.3 KiB |  00m01s
Running transaction
[1/4] Verify package files              100% | 500.0   B/s |   2.0   B |  00m00s
[2/4] Prepare transaction               100% |   6.0   B/s |   2.0   B |  00m00s
[3/4] Installing hyprland-qt-support-0: 100% |   2.6 MiB/s | 417.6 KiB |  00m00s
[4/4] Installing hyprpolkitagent-0:0.1. 100% |  93.5 KiB/s | 195.6 KiB |  00m02s
Complete!
Updating and loading repositories:
Repositories loaded.
Package                  Arch   Version              Repository      Size
Installing:
 inxi                    noarch 3.3.38-1.fc42        updates      2.2 MiB
Installing dependencies:
 freeipmi                x86_64 1.6.15-3.fc42        fedora       8.5 MiB
 hddtemp                 x86_64 0.3-0.58.beta15.fc42 fedora     141.7 KiB
 ipmitool                x86_64 1.8.19-10.fc42       fedora       5.5 MiB
 libXxf86dga             x86_64 1.1.6-5.fc42         fedora      37.7 KiB
 lm_sensors              x86_64 3.6.0-22.fc42        fedora     460.2 KiB
 perl-Clone              x86_64 0.47-2.fc42          fedora      32.4 KiB
 perl-Compress-Raw-Bzip2 x86_64 2.213-2.fc42         fedora      67.3 KiB
 perl-Compress-Raw-Zlib  x86_64 2.213-2.fc42         fedora     163.2 KiB
 perl-Cpanel-JSON-XS     x86_64 4.39-2.fc42          fedora     395.1 KiB
 perl-Data-Dump          noarch 1.25-12.fc42         fedora      50.2 KiB
 perl-Digest-HMAC        noarch 1.05-2.fc42          fedora      29.5 KiB
 perl-Digest-SHA         x86_64 1:6.04-513.fc42      fedora     112.5 KiB
 perl-Encode-Locale      noarch 1.05-31.fc42         fedora      19.0 KiB
 perl-File-Copy          noarch 2.41-517.fc42        updates     19.6 KiB
 perl-File-Listing       noarch 6.16-5.fc42          fedora      41.2 KiB
 perl-File-Slurper       noarch 0.014-7.fc42         fedora      28.7 KiB
 perl-HTML-Parser        x86_64 3.83-2.fc42          fedora     277.7 KiB
 perl-HTML-Tagset        noarch 3.24-3.fc42          fedora      18.7 KiB
 perl-HTTP-Cookies       noarch 6.11-5.fc42          fedora      73.4 KiB
 perl-HTTP-Date          noarch 6.06-6.fc42          fedora      41.2 KiB
 perl-HTTP-Message       noarch 7.00-2.fc42          fedora     215.3 KiB
 perl-HTTP-Negotiate     noarch 6.01-40.fc42         fedora      27.6 KiB
 perl-I18N-Langinfo      x86_64 0.24-517.fc42        updates     34.7 KiB
 perl-IO-Compress        noarch 2.213-3.fc42         fedora       1.0 MiB
 perl-IO-HTML            noarch 1.004-14.fc42        fedora      45.2 KiB
 perl-LWP-MediaTypes     noarch 6.04-20.fc42         fedora      79.0 KiB
 perl-Math-Complex       noarch 1.62-517.fc42        updates     85.0 KiB
 perl-Module-Load        noarch 1:0.36-512.fc42      fedora      14.9 KiB
 perl-NTLM               noarch 1.09-40.fc42         fedora      31.2 KiB
 perl-Net-HTTP           noarch 6.23-6.fc42          fedora      74.7 KiB
 perl-Time-HiRes         x86_64 4:1.9777-512.fc42    fedora     115.8 KiB
 perl-TimeDate           noarch 1:2.33-16.fc42       fedora      95.2 KiB
 perl-Try-Tiny           noarch 0.32-2.fc42          fedora      67.3 KiB
 perl-WWW-RobotRules     noarch 6.02-41.fc42         fedora      24.3 KiB
 perl-XML-Parser         x86_64 2.47-6.fc42          fedora     649.2 KiB
 perl-libwww-perl        noarch 6.77-3.fc42          fedora     521.0 KiB
 perl-subs               noarch 1.04-517.fc42        updates      2.1 KiB
 wmctrl                  x86_64 1.07-39.fc42         fedora      62.2 KiB
 xdpyinfo                x86_64 1.3.4-2.fc42         fedora      39.8 KiB
 xrandr                  x86_64 1.5.3-2.fc42         fedora      75.6 KiB
Installing weak dependencies:
 perl-IO-Compress-Brotli x86_64 0.004001-15.fc42     fedora      36.0 KiB
 perl-Math-BigInt        noarch 1:2.0040.01-1.fc42   fedora     984.8 KiB
 perl-PerlIO-utf8_strict x86_64 0.010-9.fc42         fedora      41.8 KiB
 perl-Sys-Hostname       x86_64 1.25-517.fc42        updates     15.8 KiB
 perl-XML-Dumper         noarch 0.81-51.fc42         fedora      39.9 KiB

Transaction Summary:
 Installing:        46 packages

Total size of inbound packages is 7 MiB. Need to download 7 MiB.
After this operation, 22 MiB extra will be used (install 22 MiB, remove 0 B).
[ 1/46] hddtemp-0:0.3-0.58.beta15.fc42. 100% | 434.6 KiB/s |  60.8 KiB |  00m00s
[ 2/46] inxi-0:3.3.38-1.fc42.noarch     100% |   2.5 MiB/s | 588.7 KiB |  00m00s
[ 3/46] lm_sensors-0:3.6.0-22.fc42.x86_ 100% | 903.5 KiB/s | 140.9 KiB |  00m00s
[ 4/46] ipmitool-0:1.8.19-10.fc42.x86_6 100% |   5.4 MiB/s |   1.9 MiB |  00m00s
[ 5/46] perl-Cpanel-JSON-XS-0:4.39-2.fc 100% | 651.9 KiB/s | 151.2 KiB |  00m00s
[ 6/46] perl-Time-HiRes-4:1.9777-512.fc 100% | 230.9 KiB/s |  57.5 KiB |  00m00s
[ 7/46] wmctrl-0:1.07-39.fc42.x86_64    100% | 144.4 KiB/s |  34.8 KiB |  00m00s
[ 8/46] xdpyinfo-0:1.3.4-2.fc42.x86_64  100% | 140.3 KiB/s |  25.7 KiB |  00m00s
[ 9/46] xrandr-0:1.5.3-2.fc42.x86_64    100% | 277.3 KiB/s |  46.0 KiB |  00m00s
[10/46] libXxf86dga-0:1.1.6-5.fc42.x86_ 100% | 122.0 KiB/s |  20.3 KiB |  00m00s
[11/46] perl-File-Copy-0:2.41-517.fc42. 100% | 111.8 KiB/s |  20.3 KiB |  00m00s
[12/46] perl-Sys-Hostname-0:1.25-517.fc 100% | 140.1 KiB/s |  17.4 KiB |  00m00s
[13/46] perl-XML-Dumper-0:0.81-51.fc42. 100% | 201.2 KiB/s |  24.9 KiB |  00m00s
[14/46] perl-XML-Parser-0:2.47-6.fc42.x 100% |   1.6 MiB/s | 236.6 KiB |  00m00s
[15/46] perl-libwww-perl-0:6.77-3.fc42. 100% |   1.6 MiB/s | 207.4 KiB |  00m00s
[16/46] perl-Data-Dump-0:1.25-12.fc42.n 100% | 280.8 KiB/s |  32.6 KiB |  00m00s
[17/46] perl-Encode-Locale-0:1.05-31.fc 100% | 159.2 KiB/s |  18.5 KiB |  00m00s
[18/46] perl-File-Listing-0:6.16-5.fc42 100% | 333.3 KiB/s |  24.7 KiB |  00m00s
[19/46] freeipmi-0:1.6.15-3.fc42.x86_64 100% |   3.6 MiB/s |   1.9 MiB |  00m01s
[20/46] perl-HTML-Parser-0:3.83-2.fc42. 100% | 836.6 KiB/s | 124.7 KiB |  00m00s
[21/46] perl-HTTP-Cookies-0:6.11-5.fc42 100% | 224.4 KiB/s |  37.2 KiB |  00m00s
[22/46] perl-HTTP-Date-0:6.06-6.fc42.no 100% | 163.3 KiB/s |  24.3 KiB |  00m00s
[23/46] perl-HTTP-Message-0:7.00-2.fc42 100% | 754.5 KiB/s | 100.3 KiB |  00m00s
[24/46] perl-HTTP-Negotiate-0:6.01-40.f 100% | 138.3 KiB/s |  19.5 KiB |  00m00s
[25/46] perl-LWP-MediaTypes-0:6.04-20.f 100% | 198.3 KiB/s |  32.9 KiB |  00m00s
[26/46] perl-Module-Load-1:0.36-512.fc4 100% | 122.6 KiB/s |  17.3 KiB |  00m00s
[27/46] perl-NTLM-0:1.09-40.fc42.noarch 100% | 104.7 KiB/s |  21.7 KiB |  00m00s
[28/46] perl-Net-HTTP-0:6.23-6.fc42.noa 100% | 213.4 KiB/s |  39.1 KiB |  00m00s
[29/46] perl-Try-Tiny-0:0.32-2.fc42.noa 100% | 570.8 KiB/s |  37.7 KiB |  00m00s
[30/46] perl-WWW-RobotRules-0:6.02-41.f 100% | 196.8 KiB/s |  19.5 KiB |  00m00s
[31/46] perl-HTML-Tagset-0:3.24-3.fc42. 100% | 202.0 KiB/s |  18.4 KiB |  00m00s
[32/46] perl-TimeDate-1:2.33-16.fc42.no 100% | 347.1 KiB/s |  57.6 KiB |  00m00s
[33/46] perl-Clone-0:0.47-2.fc42.x86_64 100% | 102.0 KiB/s |  21.9 KiB |  00m00s
[34/46] perl-Compress-Raw-Zlib-0:2.213- 100% | 314.8 KiB/s |  65.5 KiB |  00m00s
[35/46] perl-IO-Compress-0:2.213-3.fc42 100% |   1.5 MiB/s | 305.7 KiB |  00m00s
[36/46] perl-IO-HTML-0:1.004-14.fc42.no 100% | 149.6 KiB/s |  27.4 KiB |  00m00s
[37/46] perl-Digest-HMAC-0:1.05-2.fc42. 100% | 118.6 KiB/s |  22.6 KiB |  00m00s
[38/46] perl-Compress-Raw-Bzip2-0:2.213 100% | 367.1 KiB/s |  36.3 KiB |  00m00s
[39/46] perl-Digest-SHA-1:6.04-513.fc42 100% | 628.3 KiB/s |  62.2 KiB |  00m00s
[40/46] perl-Math-Complex-0:1.62-517.fc 100% | 701.6 KiB/s |  46.3 KiB |  00m00s
[41/46] perl-subs-0:1.04-517.fc42.noarc 100% | 243.9 KiB/s |  12.0 KiB |  00m00s
[42/46] perl-Math-BigInt-1:2.0040.01-1. 100% |   1.6 MiB/s | 227.2 KiB |  00m00s
[43/46] perl-I18N-Langinfo-0:0.24-517.f 100% | 196.0 KiB/s |  25.9 KiB |  00m00s
[44/46] perl-IO-Compress-Brotli-0:0.004 100% | 364.5 KiB/s |  27.0 KiB |  00m00s
[45/46] perl-File-Slurper-0:0.014-7.fc4 100% | 180.9 KiB/s |  21.0 KiB |  00m00s
[46/46] perl-PerlIO-utf8_strict-0:0.010 100% | 170.5 KiB/s |  25.4 KiB |  00m00s
--------------------------------------------------------------------------------
[46/46] Total                           100% |   2.4 MiB/s |   6.9 MiB |  00m03s
Running transaction
[ 1/48] Verify package files            100% |   1.1 KiB/s |  46.0   B |  00m00s
[ 2/48] Prepare transaction             100% | 110.0   B/s |  46.0   B |  00m00s
[ 3/48] Installing perl-Compress-Raw-Zl 100% |   2.0 MiB/s | 165.5 KiB |  00m00s
[ 4/48] Installing perl-LWP-MediaTypes- 100% |   1.9 MiB/s |  80.5 KiB |  00m00s
[ 5/48] Installing perl-File-Copy-0:2.4 100% | 611.0 KiB/s |  20.2 KiB |  00m00s
[ 6/48] Installing perl-Time-HiRes-4:1. 100% |   4.8 MiB/s | 117.8 KiB |  00m00s
[ 7/48] Installing perl-File-Slurper-0: 100% |   1.2 MiB/s |  30.0 KiB |  00m00s
[ 8/48] Installing perl-subs-0:1.04-517 100% |  75.5 KiB/s |   2.5 KiB |  00m00s
[ 9/48] Installing perl-Data-Dump-0:1.2 100% |   1.5 MiB/s |  52.2 KiB |  00m00s
[10/48] Installing perl-I18N-Langinfo-0 100% |   1.4 MiB/s |  36.1 KiB |  00m00s
[11/48] Installing perl-Encode-Locale-0 100% | 608.3 KiB/s |  20.1 KiB |  00m00s
[12/48] Installing perl-Math-Complex-0: 100% |   3.5 MiB/s |  85.8 KiB |  00m00s
[13/48] Installing perl-Digest-SHA-1:6. 100% |   2.1 MiB/s | 115.0 KiB |  00m00s
[14/48] Installing perl-Digest-HMAC-0:1 100% |   1.1 MiB/s |  31.5 KiB |  00m00s
[15/48] Installing perl-NTLM-0:1.09-40. 100% | 796.5 KiB/s |  32.7 KiB |  00m00s
[16/48] Installing perl-Compress-Raw-Bz 100% |   2.1 MiB/s |  69.6 KiB |  00m00s
[17/48] Installing perl-IO-Compress-0:2 100% |  14.7 MiB/s |   1.0 MiB |  00m00s
[18/48] Installing perl-Net-HTTP-0:6.23 100% |   2.6 MiB/s |  77.2 KiB |  00m00s
[19/48] Installing perl-IO-HTML-0:1.004 100% |   1.8 MiB/s |  46.8 KiB |  00m00s
[20/48] Installing perl-Clone-0:0.47-2. 100% |   1.0 MiB/s |  34.2 KiB |  00m00s
[21/48] Installing perl-TimeDate-1:2.33 100% |   2.5 MiB/s | 103.7 KiB |  00m00s
[22/48] Installing perl-HTTP-Date-0:6.0 100% |   1.3 MiB/s |  42.6 KiB |  00m00s
[23/48] Installing perl-HTTP-Message-0: 100% |   6.5 MiB/s | 219.9 KiB |  00m00s
[24/48] Installing perl-HTTP-Cookies-0: 100% |   2.2 MiB/s |  75.7 KiB |  00m00s
[25/48] Installing perl-HTTP-Negotiate- 100% | 868.6 KiB/s |  28.7 KiB |  00m00s
[26/48] Installing perl-File-Listing-0: 100% |   1.3 MiB/s |  42.5 KiB |  00m00s
[27/48] Installing perl-HTML-Tagset-0:3 100% | 479.8 KiB/s |  19.7 KiB |  00m00s
[28/48] Installing perl-HTML-Parser-0:3 100% |   6.8 MiB/s | 283.7 KiB |  00m00s
[29/48] Installing perl-WWW-RobotRules- 100% | 783.3 KiB/s |  25.8 KiB |  00m00s
[30/48] Installing perl-Try-Tiny-0:0.32 100% |   2.1 MiB/s |  71.1 KiB |  00m00s
[31/48] Installing perl-Module-Load-1:0 100% | 661.9 KiB/s |  15.9 KiB |  00m00s
[32/48] Installing perl-libwww-perl-0:6 100% |   8.4 MiB/s | 530.3 KiB |  00m00s
[33/48] Installing perl-XML-Parser-0:2. 100% |  17.0 MiB/s | 659.6 KiB |  00m00s
[34/48] Installing freeipmi-0:1.6.15-3. 100% |  62.7 MiB/s |   8.5 MiB |  00m00s
[35/48] Installing libXxf86dga-0:1.1.6- 100% |   1.3 MiB/s |  39.0 KiB |  00m00s
[36/48] Installing xdpyinfo-0:1.3.4-2.f 100% | 935.1 KiB/s |  41.1 KiB |  00m00s
[37/48] Installing xrandr-0:1.5.3-2.fc4 100% |   1.8 MiB/s |  76.7 KiB |  00m00s
[38/48] Installing wmctrl-0:1.07-39.fc4 100% |   1.5 MiB/s |  63.7 KiB |  00m00s
[39/48] Installing perl-Cpanel-JSON-XS- 100% |   7.8 MiB/s | 399.1 KiB |  00m00s
[40/48] Installing lm_sensors-0:3.6.0-2 100% |   3.0 MiB/s | 468.7 KiB |  00m00s
>>> Running post-install scriptlet: lm_sensors-0:3.6.0-22.fc42.x86_64           
>>> Finished post-install scriptlet: lm_sensors-0:3.6.0-22.fc42.x86_64          
>>> Scriptlet output:                                                           
>>> Created symlink '/etc/systemd/system/multi-user.target.wants/lm_sensors.serv
>>>                                                                             
[41/48] Installing ipmitool-0:1.8.19-10 100% |  75.0 MiB/s |   5.5 MiB |  00m00s
[42/48] Installing hddtemp-0:0.3-0.58.b 100% |   1.5 MiB/s | 146.4 KiB |  00m00s
[43/48] Installing inxi-0:3.3.38-1.fc42 100% |  40.4 MiB/s |   2.2 MiB |  00m00s
[44/48] Installing perl-XML-Dumper-0:0. 100% |   1.4 MiB/s |  40.9 KiB |  00m00s
[45/48] Installing perl-Math-BigInt-1:2 100% |  29.3 MiB/s | 988.8 KiB |  00m00s
[46/48] Installing perl-IO-Compress-Bro 100% | 863.2 KiB/s |  38.8 KiB |  00m00s
[47/48] Installing perl-PerlIO-utf8_str 100% |   1.5 MiB/s |  44.1 KiB |  00m00s
[48/48] Installing perl-Sys-Hostname-0: 100% |   3.6 KiB/s |  17.2 KiB |  00m05s
Complete!
Updating and loading repositories:
Repositories loaded.
Package       Arch   Version      Repository      Size
Installing:
 kvantum      x86_64 1.1.4-1.fc42 updates      3.6 MiB
Installing dependencies:
 kvantum-data noarch 1.1.4-1.fc42 updates      4.7 MiB
Installing weak dependencies:
 kvantum-qt5  x86_64 1.1.4-1.fc42 updates    984.9 KiB

Transaction Summary:
 Installing:         3 packages

Total size of inbound packages is 2 MiB. Need to download 2 MiB.
After this operation, 9 MiB extra will be used (install 9 MiB, remove 0 B).
[1/3] kvantum-qt5-0:1.1.4-1.fc42.x86_64 100% | 296.5 KiB/s | 370.9 KiB |  00m01s
[2/3] kvantum-data-0:1.1.4-1.fc42.noarc 100% | 270.9 KiB/s | 348.1 KiB |  00m01s
[3/3] kvantum-0:1.1.4-1.fc42.x86_64     100% | 674.2 KiB/s | 888.6 KiB |  00m01s
--------------------------------------------------------------------------------
[3/3] Total                             100% |   1.1 MiB/s |   1.6 MiB |  00m01s
Running transaction
[1/5] Verify package files              100% | 250.0   B/s |   3.0   B |  00m00s
[2/5] Prepare transaction               100% |   8.0   B/s |   3.0   B |  00m00s
[3/5] Installing kvantum-data-0:1.1.4-1 100% |  62.4 MiB/s |   4.7 MiB |  00m00s
[4/5] Installing kvantum-0:1.1.4-1.fc42 100% |  20.3 MiB/s |   3.6 MiB |  00m00s
[5/5] Installing kvantum-qt5-0:1.1.4-1. 100% | 265.5 KiB/s | 985.6 KiB |  00m04s
Complete!
Updating and loading repositories:
Repositories loaded.
Package                 Arch   Version        Repository      Size
Installing:
 network-manager-applet x86_64 1.36.0-5.fc42  fedora     667.7 KiB
Installing dependencies:
 libappindicator-gtk3   x86_64 12.10.1-8.fc42 fedora     108.5 KiB

Transaction Summary:
 Installing:         2 packages

Total size of inbound packages is 260 KiB. Need to download 260 KiB.
After this operation, 776 KiB extra will be used (install 776 KiB, remove 0 B).
[1/2] network-manager-applet-0:1.36.0-5 100% |   1.1 MiB/s | 215.8 KiB |  00m00s
[2/2] libappindicator-gtk3-0:12.10.1-8. 100% | 187.5 KiB/s |  44.6 KiB |  00m00s
--------------------------------------------------------------------------------
[2/2] Total                             100% | 251.4 KiB/s | 260.4 KiB |  00m01s
Running transaction
[1/4] Verify package files              100% | 500.0   B/s |   2.0   B |  00m00s
[2/4] Prepare transaction               100% |   6.0   B/s |   2.0   B |  00m00s
[3/4] Installing libappindicator-gtk3-0 100% | 626.4 KiB/s | 110.2 KiB |  00m00s
[4/4] Installing network-manager-applet 100% | 148.7 KiB/s | 687.7 KiB |  00m05s
Complete!
Updating and loading repositories:
Repositories loaded.
Package  Arch   Version    Repository      Size
Installing:
 pamixer x86_64 1.6-5.fc42 fedora     314.4 KiB

Transaction Summary:
 Installing:         1 package

Total size of inbound packages is 127 KiB. Need to download 127 KiB.
After this operation, 314 KiB extra will be used (install 314 KiB, remove 0 B).
[1/1] pamixer-0:1.6-5.fc42.x86_64       100% |   1.1 MiB/s | 127.4 KiB |  00m00s
--------------------------------------------------------------------------------
[1/1] Total                             100% | 660.3 KiB/s | 127.4 KiB |  00m00s
Running transaction
[1/3] Verify package files              100% | 333.0   B/s |   1.0   B |  00m00s
[2/3] Prepare transaction               100% |   3.0   B/s |   1.0   B |  00m00s
[3/3] Installing pamixer-0:1.6-5.fc42.x 100% | 150.2 KiB/s | 315.8 KiB |  00m02s
Complete!
Updating and loading repositories:
Repositories loaded.
Package            Arch   Version      Repository      Size
Installing:
 python3-pyquery   noarch 2.0.1-1.fc42 fedora     244.1 KiB
Installing dependencies:
 python3-cssselect noarch 1.2.0-2.fc42 fedora     242.7 KiB

Transaction Summary:
 Installing:         2 packages

Total size of inbound packages is 123 KiB. Need to download 123 KiB.
After this operation, 487 KiB extra will be used (install 487 KiB, remove 0 B).
[1/2] python3-cssselect-0:1.2.0-2.fc42. 100% | 209.5 KiB/s |  57.4 KiB |  00m00s
[2/2] python3-pyquery-0:2.0.1-1.fc42.no 100% | 134.3 KiB/s |  65.3 KiB |  00m00s
--------------------------------------------------------------------------------
[2/2] Total                             100% |  96.0 KiB/s | 122.7 KiB |  00m01s
Running transaction
[1/4] Verify package files              100% | 666.0   B/s |   2.0   B |  00m00s
[2/4] Prepare transaction               100% |  10.0   B/s |   2.0   B |  00m00s
[3/4] Installing python3-cssselect-0:1. 100% | 709.1 KiB/s | 246.8 KiB |  00m00s
[4/4] Installing python3-pyquery-0:2.0. 100% |  83.0 KiB/s | 248.7 KiB |  00m03s
Complete!
Updating and loading repositories:
Repositories loaded.
Package Arch   Version     Repository      Size
Installing:
 qt5ct  x86_64 1.1-31.fc42 updates      1.2 MiB

Transaction Summary:
 Installing:         1 package

Total size of inbound packages is 258 KiB. Need to download 258 KiB.
After this operation, 1 MiB extra will be used (install 1 MiB, remove 0 B).
[1/1] qt5ct-0:1.1-31.fc42.x86_64        100% |   1.7 MiB/s | 258.3 KiB |  00m00s
--------------------------------------------------------------------------------
[1/1] Total                             100% |   1.0 MiB/s | 258.3 KiB |  00m00s
Running transaction
[1/3] Verify package files              100% | 333.0   B/s |   1.0   B |  00m00s
[2/3] Prepare transaction               100% |   2.0   B/s |   1.0   B |  00m00s
[3/3] Installing qt5ct-0:1.1-31.fc42.x8 100% | 369.1 KiB/s |   1.2 MiB |  00m03s
Complete!
Updating and loading repositories:
Repositories loaded.
Package Arch   Version     Repository      Size
Installing:
 qt6ct  x86_64 0.9-13.fc42 updates    712.7 KiB

Transaction Summary:
 Installing:         1 package

Total size of inbound packages is 198 KiB. Need to download 198 KiB.
After this operation, 713 KiB extra will be used (install 713 KiB, remove 0 B).
[1/1] qt6ct-0:0.9-13.fc42.x86_64        100% | 635.1 KiB/s | 198.2 KiB |  00m00s
--------------------------------------------------------------------------------
[1/1] Total                             100% | 488.1 KiB/s | 198.2 KiB |  00m00s
Running transaction
[1/3] Verify package files              100% | 333.0   B/s |   1.0   B |  00m00s
[2/3] Prepare transaction               100% |   2.0   B/s |   1.0   B |  00m00s
[3/3] Installing qt6ct-0:0.9-13.fc42.x8 100% | 103.8 KiB/s | 718.4 KiB |  00m07s
Complete!
Updating and loading repositories:
Repositories loaded.
Package             Arch   Version         Repository      Size
Installing:
 swappy             x86_64 1.5.1-6.fc42    fedora     126.8 KiB
Installing weak dependencies:
 fontawesome4-fonts noarch 1:4.7.0-24.fc42 fedora     296.6 KiB

Transaction Summary:
 Installing:         2 packages

Total size of inbound packages is 251 KiB. Need to download 251 KiB.
After this operation, 423 KiB extra will be used (install 423 KiB, remove 0 B).
[1/2] swappy-0:1.5.1-6.fc42.x86_64      100% | 217.9 KiB/s |  46.2 KiB |  00m00s
[2/2] fontawesome4-fonts-1:4.7.0-24.fc4 100% | 606.8 KiB/s | 204.5 KiB |  00m00s
--------------------------------------------------------------------------------
[2/2] Total                             100% | 355.1 KiB/s | 250.7 KiB |  00m01s
Running transaction
[1/4] Verify package files              100% | 500.0   B/s |   2.0   B |  00m00s
[2/4] Prepare transaction               100% |   5.0   B/s |   2.0   B |  00m00s
[3/4] Installing fontawesome4-fonts-1:4 100% |   1.8 MiB/s | 297.8 KiB |  00m00s
[4/4] Installing swappy-0:1.5.1-6.fc42. 100% |  29.5 KiB/s | 129.7 KiB |  00m04s
Complete!
Updating and loading repositories:
Repositories loaded.
Package  Arch   Version      Repository      Size
Installing:
 wlogout x86_64 1.2.2-3.fc42 fedora     126.7 KiB

Transaction Summary:
 Installing:         1 package

Total size of inbound packages is 107 KiB. Need to download 107 KiB.
After this operation, 127 KiB extra will be used (install 127 KiB, remove 0 B).
[1/1] wlogout-0:1.2.2-3.fc42.x86_64     100% | 217.6 KiB/s | 107.1 KiB |  00m00s
--------------------------------------------------------------------------------
[1/1] Total                             100% | 101.5 KiB/s | 107.1 KiB |  00m01s
Running transaction
[1/3] Verify package files              100% | 333.0   B/s |   1.0   B |  00m00s
[2/3] Prepare transaction               100% |   2.0   B/s |   1.0   B |  00m00s
[3/3] Installing wlogout-0:1.2.2-3.fc42 100% |  28.6 KiB/s | 132.2 KiB |  00m05s
Complete!
Updating and loading repositories:
Repositories loaded.
Package         Arch   Version         Repository      Size
Installing:
 yad            x86_64 9.3-12.fc42     fedora     628.0 KiB
Installing dependencies:
 gtksourceview3 x86_64 3.24.11-15.fc42 fedora       2.8 MiB

Transaction Summary:
 Installing:         2 packages

Total size of inbound packages is 844 KiB. Need to download 844 KiB.
After this operation, 3 MiB extra will be used (install 3 MiB, remove 0 B).
[1/2] yad-0:9.3-12.fc42.x86_64          100% |   2.5 MiB/s | 228.2 KiB |  00m00s
[2/2] gtksourceview3-0:3.24.11-15.fc42. 100% |   4.9 MiB/s | 615.4 KiB |  00m00s
--------------------------------------------------------------------------------
[2/2] Total                             100% |   1.6 MiB/s | 843.6 KiB |  00m01s
Running transaction
[1/4] Verify package files              100% | 285.0   B/s |   2.0   B |  00m00s
[2/4] Prepare transaction               100% |   5.0   B/s |   2.0   B |  00m00s
[3/4] Installing gtksourceview3-0:3.24. 100% |  31.6 MiB/s |   2.9 MiB |  00m00s
[4/4] Installing yad-0:9.3-12.fc42.x86_ 100% | 154.3 KiB/s | 633.7 KiB |  00m04s
Complete!
Updating and loading repositories:
Repositories loaded.
Package Arch   Version      Repository      Size
Installing:
 btop   x86_64 1.4.0-2.fc42 fedora       1.6 MiB

Transaction Summary:
 Installing:         1 package

Total size of inbound packages is 598 KiB. Need to download 598 KiB.
After this operation, 2 MiB extra will be used (install 2 MiB, remove 0 B).
[1/1] btop-0:1.4.0-2.fc42.x86_64        100% |   3.0 MiB/s | 597.9 KiB |  00m00s
--------------------------------------------------------------------------------
[1/1] Total                             100% |   2.2 MiB/s | 597.9 KiB |  00m00s
Running transaction
[1/3] Verify package files              100% | 200.0   B/s |   1.0   B |  00m00s
[2/3] Prepare transaction               100% |   3.0   B/s |   1.0   B |  00m00s
[3/3] Installing btop-0:1.4.0-2.fc42.x8 100% | 503.7 KiB/s |   1.6 MiB |  00m03s
Complete!
Updating and loading repositories:
Repositories loaded.
Package Arch   Version       Repository      Size
Installing:
 cava   x86_64 0.10.2-4.fc42 fedora     202.7 KiB

Transaction Summary:
 Installing:         1 package

Total size of inbound packages is 102 KiB. Need to download 102 KiB.
After this operation, 203 KiB extra will be used (install 203 KiB, remove 0 B).
[1/1] cava-0:0.10.2-4.fc42.x86_64       100% |   1.1 MiB/s | 102.2 KiB |  00m00s
--------------------------------------------------------------------------------
[1/1] Total                             100% | 211.1 KiB/s | 102.2 KiB |  00m00s
Running transaction
[1/3] Verify package files              100% | 500.0   B/s |   1.0   B |  00m00s
[2/3] Prepare transaction               100% |   2.0   B/s |   1.0   B |  00m00s
[3/3] Installing cava-0:0.10.2-4.fc42.x 100% |  95.3 KiB/s | 206.9 KiB |  00m02s
Complete!
Updating and loading repositories:
Repositories loaded.
Package    Arch   Version       Repository      Size
Installing:
 fastfetch x86_64 2.44.0-1.fc42 updates      1.5 MiB
Installing dependencies:
 yyjson    x86_64 0.11.1-1.fc42 updates    244.2 KiB

Transaction Summary:
 Installing:         2 packages

Total size of inbound packages is 646 KiB. Need to download 646 KiB.
After this operation, 2 MiB extra will be used (install 2 MiB, remove 0 B).
[1/2] yyjson-0:0.11.1-1.fc42.x86_64     100% | 781.9 KiB/s | 109.5 KiB |  00m00s
[2/2] fastfetch-0:2.44.0-1.fc42.x86_64  100% |   3.2 MiB/s | 536.2 KiB |  00m00s
--------------------------------------------------------------------------------
[2/2] Total                             100% |   2.7 MiB/s | 645.7 KiB |  00m00s
Running transaction
[1/4] Verify package files              100% | 400.0   B/s |   2.0   B |  00m00s
[2/4] Prepare transaction               100% |   5.0   B/s |   2.0   B |  00m00s
[3/4] Installing yyjson-0:0.11.1-1.fc42 100% |   4.7 MiB/s | 245.6 KiB |  00m00s
[4/4] Installing fastfetch-0:2.44.0-1.f 100% | 634.4 KiB/s |   1.6 MiB |  00m03s
Complete!
Updating and loading repositories:
Repositories loaded.
Package       Arch   Version       Repository      Size
Installing:
 mousepad     x86_64 0.6.5-1.fc42  updates      1.8 MiB
Installing dependencies:
 libmousepad0 x86_64 0.6.5-1.fc42  updates    436.6 KiB
 libxfce4ui   x86_64 4.20.1-1.fc42 updates      1.6 MiB
 libxfce4util x86_64 4.20.1-1.fc42 updates    969.2 KiB
 xfconf       x86_64 4.20.0-2.fc42 fedora     827.1 KiB

Transaction Summary:
 Installing:         5 packages

Total size of inbound packages is 1 MiB. Need to download 1 MiB.
After this operation, 6 MiB extra will be used (install 6 MiB, remove 0 B).
[1/5] libmousepad0-0:0.6.5-1.fc42.x86_6 100% |   1.1 MiB/s | 129.2 KiB |  00m00s
[2/5] mousepad-0:0.6.5-1.fc42.x86_64    100% |   2.5 MiB/s | 391.2 KiB |  00m00s
[3/5] libxfce4ui-0:4.20.1-1.fc42.x86_64 100% |   1.8 MiB/s | 339.9 KiB |  00m00s
[4/5] xfconf-0:4.20.0-2.fc42.x86_64     100% |   1.3 MiB/s | 203.9 KiB |  00m00s
[5/5] libxfce4util-0:4.20.1-1.fc42.x86_ 100% |   1.4 MiB/s | 217.1 KiB |  00m00s
--------------------------------------------------------------------------------
[5/5] Total                             100% |   2.6 MiB/s |   1.3 MiB |  00m00s
Running transaction
[1/7] Verify package files              100% | 555.0   B/s |   5.0   B |  00m00s
[2/7] Prepare transaction               100% |  14.0   B/s |   5.0   B |  00m00s
[3/7] Installing libxfce4util-0:4.20.1- 100% |  14.3 MiB/s | 982.5 KiB |  00m00s
[4/7] Installing xfconf-0:4.20.0-2.fc42 100% |  11.7 MiB/s | 840.1 KiB |  00m00s
[5/7] Installing libxfce4ui-0:4.20.1-1. 100% |  28.0 MiB/s |   1.6 MiB |  00m00s
[6/7] Installing libmousepad0-0:0.6.5-1 100% |   7.4 MiB/s | 437.6 KiB |  00m00s
[7/7] Installing mousepad-0:0.6.5-1.fc4 100% | 445.4 KiB/s |   1.8 MiB |  00m04s
Complete!
Updating and loading repositories:
Repositories loaded.
Package                 Arch   Version           Repository      Size
Installing:
 mpv                    x86_64 0.40.0-1.fc42     fedora       4.4 MiB
Installing dependencies:
 compat-lua-libs        x86_64 5.1.5-28.fc42     fedora     502.1 KiB
 libXScrnSaver          x86_64 1.2.4-5.fc42      fedora      49.6 KiB
 libXpresent            x86_64 1.0.0-23.fc42     fedora      28.2 KiB
 mujs                   x86_64 1.3.3-7.fc42      fedora       1.1 MiB
 python3-brotli         x86_64 1.1.0-6.fc42      fedora     835.9 KiB
 python3-certifi        noarch 2024.08.30-2.fc42 fedora       6.8 KiB
 python3-mutagen        noarch 1.47.0-6.fc42     fedora       1.9 MiB
 python3-pycryptodomex  x86_64 3.21.0-2.fc42     fedora       3.8 MiB
 python3-websockets     x86_64 14.1-2.fc42       fedora       1.5 MiB
 vapoursynth-libs       x86_64 70-7.fc42         updates      2.0 MiB
 yt-dlp+default         noarch 2025.05.22-2.fc42 updates    171.4 KiB
Installing weak dependencies:
 yt-dlp                 noarch 2025.05.22-2.fc42 updates     20.7 MiB
 yt-dlp-bash-completion noarch 2025.05.22-2.fc42 updates      6.1 KiB

Transaction Summary:
 Installing:        14 packages

Total size of inbound packages is 11 MiB. Need to download 11 MiB.
After this operation, 37 MiB extra will be used (install 37 MiB, remove 0 B).
[ 1/14] libXScrnSaver-0:1.2.4-5.fc42.x8 100% | 180.6 KiB/s |  25.1 KiB |  00m00s
[ 2/14] compat-lua-libs-0:5.1.5-28.fc42 100% |   1.0 MiB/s | 166.8 KiB |  00m00s
[ 3/14] mpv-0:0.40.0-1.fc42.x86_64      100% |   6.3 MiB/s |   1.6 MiB |  00m00s
[ 4/14] libXpresent-0:1.0.0-23.fc42.x86 100% | 130.2 KiB/s |  17.2 KiB |  00m00s
[ 5/14] mujs-0:1.3.3-7.fc42.x86_64      100% |   2.0 MiB/s | 315.2 KiB |  00m00s
[ 6/14] yt-dlp+default-0:2025.05.22-2.f 100% | 248.9 KiB/s |  11.7 KiB |  00m00s
[ 7/14] vapoursynth-libs-0:70-7.fc42.x8 100% |   4.0 MiB/s | 671.6 KiB |  00m00s
[ 8/14] python3-brotli-0:1.1.0-6.fc42.x 100% |   2.7 MiB/s | 342.8 KiB |  00m00s
[ 9/14] python3-certifi-0:2024.08.30-2. 100% | 173.6 KiB/s |  14.4 KiB |  00m00s
[10/14] python3-mutagen-0:1.47.0-6.fc42 100% |   2.7 MiB/s | 457.6 KiB |  00m00s
[11/14] yt-dlp-0:2025.05.22-2.fc42.noar 100% |   9.4 MiB/s |   5.9 MiB |  00m01s
[12/14] python3-pycryptodomex-0:3.21.0- 100% |   3.0 MiB/s |   1.3 MiB |  00m00s
[13/14] yt-dlp-bash-completion-0:2025.0 100% | 138.5 KiB/s |  12.6 KiB |  00m00s
[14/14] python3-websockets-0:14.1-2.fc4 100% | 705.0 KiB/s | 293.3 KiB |  00m00s
--------------------------------------------------------------------------------
[14/14] Total                           100% |   7.2 MiB/s |  11.1 MiB |  00m02s
Running transaction
[ 1/16] Verify package files            100% | 229.0   B/s |  14.0   B |  00m00s
[ 2/16] Prepare transaction             100% |  34.0   B/s |  14.0   B |  00m00s
[ 3/16] Installing python3-websockets-0 100% |  12.7 MiB/s |   1.6 MiB |  00m00s
[ 4/16] Installing python3-pycryptodome 100% |  36.2 MiB/s |   3.9 MiB |  00m00s
[ 5/16] Installing python3-mutagen-0:1. 100% |  27.4 MiB/s |   1.9 MiB |  00m00s
[ 6/16] Installing python3-certifi-0:20 100% | 120.4 KiB/s |  10.4 KiB |  00m00s
[ 7/16] Installing python3-brotli-0:1.1 100% |  24.8 MiB/s | 838.4 KiB |  00m00s
[ 8/16] Installing yt-dlp+default-0:202 100% |   3.0 KiB/s | 124.0   B |  00m00s
[ 9/16] Installing yt-dlp-0:2025.05.22- 100% |  44.5 MiB/s |  21.3 MiB |  00m00s
[10/16] Installing vapoursynth-libs-0:7 100% |  44.5 MiB/s |   2.0 MiB |  00m00s
[11/16] Installing mujs-0:1.3.3-7.fc42. 100% |  19.9 MiB/s |   1.1 MiB |  00m00s
[12/16] Installing libXpresent-0:1.0.0- 100% | 807.3 KiB/s |  29.9 KiB |  00m00s
[13/16] Installing libXScrnSaver-0:1.2. 100% | 614.8 KiB/s |  51.0 KiB |  00m00s
[14/16] Installing compat-lua-libs-0:5. 100% |  15.0 MiB/s | 505.2 KiB |  00m00s
[15/16] Installing mpv-0:0.40.0-1.fc42. 100% |  70.8 MiB/s |   4.4 MiB |  00m00s
[16/16] Installing yt-dlp-bash-completi 100% | 808.0   B/s |   6.4 KiB |  00m08s
Complete!
Updating and loading repositories:
Repositories loaded.
Package    Arch   Version    Repository      Size
Installing:
 mpv-mpris x86_64 1.1-6.fc42 fedora      40.3 KiB

Transaction Summary:
 Installing:         1 package

Total size of inbound packages is 23 KiB. Need to download 23 KiB.
After this operation, 40 KiB extra will be used (install 40 KiB, remove 0 B).
[1/1] mpv-mpris-0:1.1-6.fc42.x86_64     100% | 186.8 KiB/s |  23.2 KiB |  00m00s
--------------------------------------------------------------------------------
[1/1] Total                             100% |  38.9 KiB/s |  23.2 KiB |  00m01s
Running transaction
[1/3] Verify package files              100% | 333.0   B/s |   1.0   B |  00m00s
[2/3] Prepare transaction               100% |   2.0   B/s |   1.0   B |  00m00s
[3/3] Installing mpv-mpris-0:1.1-6.fc42 100% |  36.0 KiB/s |  41.9 KiB |  00m01s
Complete!
Updating and loading repositories:
Repositories loaded.
Package Arch   Version      Repository      Size
Installing:
 nvtop  x86_64 3.2.0-3.fc42 updates    214.2 KiB

Transaction Summary:
 Installing:         1 package

Total size of inbound packages is 97 KiB. Need to download 97 KiB.
After this operation, 214 KiB extra will be used (install 214 KiB, remove 0 B).
[1/1] nvtop-0:3.2.0-3.fc42.x86_64       100% |   1.3 MiB/s |  96.7 KiB |  00m00s
--------------------------------------------------------------------------------
[1/1] Total                             100% | 203.6 KiB/s |  96.7 KiB |  00m00s
Running transaction
[1/3] Verify package files              100% | 500.0   B/s |   1.0   B |  00m00s
[2/3] Prepare transaction               100% |   3.0   B/s |   1.0   B |  00m00s
[3/3] Installing nvtop-0:3.2.0-3.fc42.x 100% | 160.8 KiB/s | 216.1 KiB |  00m01s
Complete!
Updating and loading repositories:
Repositories loaded.
Package            Arch   Version       Repository      Size
Installing:
 qalculate-gtk     x86_64 5.5.0-1.fc42  fedora       6.8 MiB
Installing dependencies:
 dejavu-sans-fonts noarch 2.37-25.fc42  fedora       5.5 MiB
 gnuplot           x86_64 6.0.1-5.fc42  fedora       2.0 MiB
 gnuplot-common    x86_64 6.0.1-5.fc42  fedora       1.8 MiB
 libcerf           x86_64 2.4-1.fc42    updates     58.5 KiB
 libqalculate      x86_64 5.5.0-1.fc42  fedora       8.8 MiB
 openspecfun       x86_64 0.5.3-23.fc42 fedora     170.4 KiB

Transaction Summary:
 Installing:         7 packages

Total size of inbound packages is 8 MiB. Need to download 8 MiB.
After this operation, 25 MiB extra will be used (install 25 MiB, remove 0 B).
[1/7] gnuplot-0:6.0.1-5.fc42.x86_64     100% |   3.5 MiB/s | 897.7 KiB |  00m00s
[2/7] qalculate-gtk-0:5.5.0-1.fc42.x86_ 100% |   6.4 MiB/s |   2.6 MiB |  00m00s
[3/7] libqalculate-0:5.5.0-1.fc42.x86_6 100% |   4.8 MiB/s |   2.3 MiB |  00m00s
[4/7] dejavu-sans-fonts-0:2.37-25.fc42. 100% |   4.8 MiB/s |   1.3 MiB |  00m00s
[5/7] gnuplot-common-0:6.0.1-5.fc42.x86 100% |   4.1 MiB/s | 836.4 KiB |  00m00s
[6/7] libcerf-0:2.4-1.fc42.x86_64       100% | 315.8 KiB/s |  36.6 KiB |  00m00s
[7/7] openspecfun-0:0.5.3-23.fc42.x86_6 100% | 496.6 KiB/s |  90.9 KiB |  00m00s
--------------------------------------------------------------------------------
[7/7] Total                             100% |   5.5 MiB/s |   8.1 MiB |  00m01s
Running transaction
[1/9] Verify package files              100% |  92.0   B/s |   7.0   B |  00m00s
[2/9] Prepare transaction               100% |  17.0   B/s |   7.0   B |  00m00s
[3/9] Installing libcerf-0:2.4-1.fc42.x 100% | 348.1 KiB/s |  59.9 KiB |  00m00s
[4/9] Installing openspecfun-0:0.5.3-23 100% |   5.1 MiB/s | 171.6 KiB |  00m00s
[5/9] Installing gnuplot-common-0:6.0.1 100% |  43.3 MiB/s |   1.8 MiB |  00m00s
[6/9] Installing dejavu-sans-fonts-0:2. 100% | 112.4 MiB/s |   5.5 MiB |  00m00s
[7/9] Installing gnuplot-0:6.0.1-5.fc42 100% |  36.2 MiB/s |   2.0 MiB |  00m00s
[8/9] Installing libqalculate-0:5.5.0-1 100% | 126.1 MiB/s |   8.8 MiB |  00m00s
[9/9] Installing qalculate-gtk-0:5.5.0- 100% |   2.1 MiB/s |   6.8 MiB |  00m03s
Complete!
Updating and loading repositories:
Repositories loaded.
Failed to resolve the transaction:
No match for argument: nwg-displays
You can try to add to command line:
  --skip-unavailable to skip unavailable packages
Updating and loading repositories:
Repositories loaded.
Package   Arch   Version      Repository                                             Size
Installing:
 cliphist x86_64 0.6.1-2.fc42 copr:copr.fedorainfracloud.org:solopasha:hyprland   2.1 MiB

Transaction Summary:
 Installing:         1 package

Total size of inbound packages is 876 KiB. Need to download 876 KiB.
After this operation, 2 MiB extra will be used (install 2 MiB, remove 0 B).
[1/1] cliphist-0:0.6.1-2.fc42.x86_64    100% |   7.3 MiB/s | 876.3 KiB |  00m00s
--------------------------------------------------------------------------------
[1/1] Total                             100% |   7.2 MiB/s | 876.3 KiB |  00m00s
Running transaction
[1/3] Verify package files              100% | 111.0   B/s |   1.0   B |  00m00s
[2/3] Prepare transaction               100% |   2.0   B/s |   1.0   B |  00m00s
[3/3] Installing cliphist-0:0.6.1-2.fc4 100% |   1.0 MiB/s |   2.1 MiB |  00m02s
Complete!
Updating and loading repositories:
Repositories loaded.
Package   Arch   Version      Repository                                             Size
Installing:
 nwg-look x86_64 1.0.6-1.fc42 copr:copr.fedorainfracloud.org:solopasha:hyprland   4.5 MiB
Installing dependencies:
 xcur2png x86_64 0.7.1-2.fc42 copr:copr.fedorainfracloud.org:solopasha:hyprland  59.2 KiB

Transaction Summary:
 Installing:         2 packages

Total size of inbound packages is 1 MiB. Need to download 1 MiB.
After this operation, 5 MiB extra will be used (install 5 MiB, remove 0 B).
[1/2] xcur2png-0:0.7.1-2.fc42.x86_64    100% | 147.0 KiB/s |  30.4 KiB |  00m00s
[2/2] nwg-look-0:1.0.6-1.fc42.x86_64    100% |   4.2 MiB/s |   1.3 MiB |  00m00s
--------------------------------------------------------------------------------
[2/2] Total                             100% |   4.3 MiB/s |   1.3 MiB |  00m00s
Running transaction
[1/4] Verify package files              100% | 181.0   B/s |   2.0   B |  00m00s
[2/4] Prepare transaction               100% |   5.0   B/s |   2.0   B |  00m00s
[3/4] Installing xcur2png-0:0.7.1-2.fc4 100% |   1.1 MiB/s |  60.3 KiB |  00m00s
[4/4] Installing nwg-look-0:1.0.6-1.fc4 100% |   2.7 MiB/s |   4.5 MiB |  00m02s
Complete!
Updating and loading repositories:
Repositories loaded.
Package                                 Arch   Version       Repository      Size
Installing:
 SwayNotificationCenter                 x86_64 0.10.1-2.fc42 fedora     671.7 KiB
Installing dependencies:
 granite                                x86_64 6.2.0-10.fc42 fedora     957.0 KiB
Installing weak dependencies:
 SwayNotificationCenter-bash-completion noarch 0.10.1-2.fc42 fedora       2.3 KiB

Transaction Summary:
 Installing:         3 packages

Total size of inbound packages is 540 KiB. Need to download 540 KiB.
After this operation, 2 MiB extra will be used (install 2 MiB, remove 0 B).
[1/3] SwayNotificationCenter-bash-compl 100% |  42.4 KiB/s |   7.9 KiB |  00m00s
[2/3] SwayNotificationCenter-0:0.10.1-2 100% | 644.1 KiB/s | 200.9 KiB |  00m00s
[3/3] granite-0:6.2.0-10.fc42.x86_64    100% | 892.2 KiB/s | 331.0 KiB |  00m00s
--------------------------------------------------------------------------------
[3/3] Total                             100% |   1.1 MiB/s | 539.9 KiB |  00m00s
Running transaction
[1/5] Verify package files              100% | 600.0   B/s |   3.0   B |  00m00s
[2/5] Prepare transaction               100% |   8.0   B/s |   3.0   B |  00m00s
[3/5] Installing granite-0:6.2.0-10.fc4 100% |   6.3 MiB/s | 990.7 KiB |  00m00s
[4/5] Installing SwayNotificationCenter 100% |  10.5 MiB/s | 674.9 KiB |  00m00s
[5/5] Installing SwayNotificationCenter 100% |   1.1 KiB/s |   2.7 KiB |  00m02s
Complete!
Updating and loading repositories:
Repositories loaded.
Failed to resolve the transaction:
No match for argument: wallust
You can try to add to command line:
  --skip-unavailable to skip unavailable packages
